<?xml version="1.0" encoding="UTF-8"?>
<testng-results skipped="0" failed="0" ignored="0" total="1" passed="1">
  <reporter-output>
  </reporter-output>
  <suite name="Suite" duration-ms="18060" started-at="2020-09-11T11:49:18 IST" finished-at="2020-09-11T11:49:36 IST">
    <groups>
    </groups>
    <test name="Test" duration-ms="18060" started-at="2020-09-11T11:49:18 IST" finished-at="2020-09-11T11:49:36 IST">
      <class name="BatchFile.RunBtachFile">
        <test-method status="PASS" signature="browserLaunch()[pri:0, instance:BatchFile.RunBtachFile@67b6d4ae]" name="browserLaunch" duration-ms="18017" started-at="2020-09-11T11:49:18 IST" finished-at="2020-09-11T11:49:36 IST">
          <reporter-output>
          </reporter-output>
        </test-method> <!-- browserLaunch -->
      </class> <!-- BatchFile.RunBtachFile -->
    </test> <!-- Test -->
  </suite> <!-- Suite -->
</testng-results>
